2026-04-13 02:12:04,628 [INFO] ============================================================
2026-04-13 02:12:04,628 [INFO]   SATRIALES CONTINUOUS SIMULATOR
2026-04-13 02:12:04,628 [INFO] ============================================================
2026-04-13 02:12:04,628 [INFO]   Bankroll:        $1,000.00
2026-04-13 02:12:04,628 [INFO]   Windows/batch:   2000
2026-04-13 02:12:04,628 [INFO]   Retrain every:   300 windows
2026-04-13 02:12:04,629 [INFO]   Max hours:       0.01
2026-04-13 02:12:04,629 [INFO]   Active model:    ensemble
2026-04-13 02:12:04,629 [INFO] ============================================================
2026-04-13 02:12:04,629 [INFO] 
--- Batch 1 ---
2026-04-13 02:12:11,636 [INFO] Generated 2000 windows
2026-04-13 02:12:14,258 [INFO] Retraining all models on 500 windows...
2026-04-13 02:12:17,648 [INFO] [0.0h] W#621 T#100 | WR: 58.0% | PnL: $-77.20 | Bank: $922.80 | DD: 38.7% | Model: ensemble
2026-04-13 02:12:20,659 [INFO] [0.0h] W#763 T#200 | WR: 68.5% | PnL: $4,070.92 | Bank: $5,070.92 | DD: 0.0% | Model: ensemble
2026-04-13 02:12:20,677 [INFO] [0.0h] W#764 T#200 | WR: 68.5% | PnL: $4,070.92 | Bank: $5,070.92 | DD: 0.0% | Model: ensemble
2026-04-13 02:12:20,694 [INFO] [0.0h] W#765 T#200 | WR: 68.5% | PnL: $4,070.92 | Bank: $5,070.92 | DD: 0.0% | Model: ensemble
2026-04-13 02:12:20,711 [INFO] [0.0h] W#766 T#200 | WR: 68.5% | PnL: $4,070.92 | Bank: $5,070.92 | DD: 0.0% | Model: ensemble
2026-04-13 02:12:21,432 [INFO] Retraining all models on 800 windows...
2026-04-13 02:12:22,433 [INFO] Switching to model: logistic (avg PnL: $36.4611)
2026-04-13 02:12:25,104 [INFO] [0.0h] W#933 T#300 | WR: 70.3% | PnL: $9,144.32 | Bank: $10,144.32 | DD: 1.5% | Model: logistic
2026-04-13 02:12:28,302 [INFO] [0.0h] W#1095 T#400 | WR: 74.0% | PnL: $28,489.23 | Bank: $29,489.23 | DD: 0.0% | Model: logistic
2026-04-13 02:12:28,391 [INFO] Retraining all models on 1100 windows...
2026-04-13 02:12:33,591 [INFO] [0.0h] W#1306 T#500 | WR: 71.2% | PnL: $48,542.55 | Bank: $49,542.55 | DD: 3.1% | Model: logistic
2026-04-13 02:12:35,401 [INFO] Retraining all models on 1400 windows...
2026-04-13 02:12:39,114 [INFO] [0.0h] W#1506 T#600 | WR: 68.8% | PnL: $72,291.50 | Bank: $73,291.50 | DD: 3.6% | Model: logistic
2026-04-13 02:12:39,128 [INFO] [0.0h] W#1507 T#600 | WR: 68.8% | PnL: $72,291.50 | Bank: $73,291.50 | DD: 3.6% | Model: logistic
2026-04-13 02:12:39,143 [INFO] [0.0h] W#1508 T#600 | WR: 68.8% | PnL: $72,291.50 | Bank: $73,291.50 | DD: 3.6% | Model: logistic
2026-04-13 02:12:39,160 [INFO] [0.0h] W#1509 T#600 | WR: 68.8% | PnL: $72,291.50 | Bank: $73,291.50 | DD: 3.6% | Model: logistic
2026-04-13 02:12:43,000 [INFO] Retraining all models on 1700 windows...
2026-04-13 02:12:45,452 [INFO] [0.0h] W#1726 T#700 | WR: 65.3% | PnL: $69,390.14 | Bank: $70,390.14 | DD: 7.4% | Model: logistic
2026-04-13 02:12:45,466 [INFO] [0.0h] W#1727 T#700 | WR: 65.3% | PnL: $69,390.14 | Bank: $70,390.14 | DD: 7.4% | Model: logistic
2026-04-13 02:12:49,150 [INFO] [0.0h] W#1921 T#800 | WR: 63.9% | PnL: $126,590.52 | Bank: $127,590.52 | DD: 0.6% | Model: logistic
2026-04-13 02:12:49,164 [INFO] [0.0h] W#1922 T#800 | WR: 63.9% | PnL: $126,590.52 | Bank: $127,590.52 | DD: 0.6% | Model: logistic
2026-04-13 02:12:49,177 [INFO] [0.0h] W#1923 T#800 | WR: 63.9% | PnL: $126,590.52 | Bank: $127,590.52 | DD: 0.6% | Model: logistic
2026-04-13 02:12:49,194 [INFO] [0.0h] W#1924 T#800 | WR: 63.9% | PnL: $126,590.52 | Bank: $127,590.52 | DD: 0.6% | Model: logistic
2026-04-13 02:12:50,624 [INFO] Retraining all models on 2000 windows...
2026-04-13 02:12:53,023 [INFO] Time limit reached (0.01h)
2026-04-13 02:12:53,023 [INFO] 
============================================================
2026-04-13 02:12:53,023 [INFO]   SIMULATION SUMMARY
2026-04-13 02:12:53,023 [INFO] ============================================================
2026-04-13 02:12:53,024 [INFO]   Runtime:        0.01 hours
2026-04-13 02:12:53,024 [INFO]   Batches:        1
2026-04-13 02:12:53,024 [INFO]   Windows:        2000
2026-04-13 02:12:53,024 [INFO]   Trades:         843
2026-04-13 02:12:53,024 [INFO]   Win Rate:       63.2%
2026-04-13 02:12:53,024 [INFO]   Total PnL:      $146,481.33
2026-04-13 02:12:53,024 [INFO]   Total Fees:     $21,090.88
2026-04-13 02:12:53,024 [INFO]   Final Bankroll: $147,481.33
2026-04-13 02:12:53,024 [INFO]   Peak Bankroll:  $149,153.98
2026-04-13 02:12:53,024 [INFO]   Max Drawdown:   1.1%
2026-04-13 02:12:53,024 [INFO]   Active Model:   logistic
2026-04-13 02:12:53,024 [INFO] ============================================================
2026-04-13 02:12:53,025 [INFO] 
  MODEL COMPARISON:
